Using pre-set license
Built from '2020.3/staging' branch; Version is '2020.3.20f1 (41c4e627c95f) revision 4310246'; Using compiler version '192528614'; Build Type 'Release'
OS: 'Windows 10 Education; OS build 18363.1734; Version 1909; 64bit' Language: 'sv' Physical Memory: 16221 MB
BatchMode: 1, IsHumanControllingUs: 0, StartBugReporterOnCrash: 0, Is64bit: 1, IsPro: 0

COMMAND LINE ARGUMENTS:
C:\Program Files\Unity\Hub\Editor\2020.3.20f1\Editor\Unity.exe
-adb2
-batchMode
-noUpm
-name
AssetImportWorker0
-projectPath
C:/Users/markus.woxell/Unity Spel/Juicyness
-logFile
Logs/AssetImportWorker0.log
-srvPort
61841
Successfully changed project path to: C:/Users/markus.woxell/Unity Spel/Juicyness
C:/Users/markus.woxell/Unity Spel/Juicyness
Using Asset Import Pipeline V2.
Refreshing native plugins compatible for Editor in 51.30 ms, found 2 plugins.
Preloading 0 native plugins for Editor in 0.00 ms.
Initialize engine version: 2020.3.20f1 (41c4e627c95f)
[Subsystems] Discovering subsystems at path C:/Program Files/Unity/Hub/Editor/2020.3.20f1/Editor/Data/Resources/UnitySubsystems
[Subsystems] Discovering subsystems at path C:/Users/markus.woxell/Unity Spel/Juicyness/Assets
GfxDevice: creating device client; threaded=0
Direct3D:
    Version:  Direct3D 11.0 [level 11.1]
    Renderer: NVIDIA GeForce MX250 (ID=0x1d13)
    Vendor:   
    VRAM:     1983 MB
    Driver:   27.21.14.6677
Initialize mono
Mono path[0] = 'C:/Program Files/Unity/Hub/Editor/2020.3.20f1/Editor/Data/Managed'
Mono path[1] = 'C:/Program Files/Unity/Hub/Editor/2020.3.20f1/Editor/Data/MonoBleedingEdge/lib/mono/unityjit'
Mono config path = 'C:/Program Files/Unity/Hub/Editor/2020.3.20f1/Editor/Data/MonoBleedingEdge/etc'
Using monoOptions --debugger-agent=transport=dt_socket,embedding=1,server=y,suspend=n,address=127.0.0.1:56528
Begin MonoManager ReloadAssembly
Registering precompiled unity dll's ...
Register platform support module: C:/Program Files/Unity/Hub/Editor/2020.3.20f1/Editor/Data/PlaybackEngines/WindowsStandaloneSupport/UnityEditor.WindowsStandalone.Extensions.dll
Registered in 0.002693 seconds.
Native extension for WindowsStandalone target not found
Refreshing native plugins compatible for Editor in 44.38 ms, found 2 plugins.
Preloading 0 native plugins for Editor in 0.00 ms.
Mono: successfully reloaded assembly
- Completed reload, in  1.472 seconds
Domain Reload Profiling:
	ReloadAssembly (1472ms)
		BeginReloadAssembly (72ms)
			ExecutionOrderSort (0ms)
			DisableScriptedObjects (0ms)
			BackupInstance (0ms)
			ReleaseScriptingObjects (0ms)
			CreateAndSetChildDomain (1ms)
		EndReloadAssembly (578ms)
			LoadAssemblies (69ms)
			RebuildTransferFunctionScriptingTraits (0ms)
			SetupTypeCache (219ms)
			ReleaseScriptCaches (0ms)
			RebuildScriptCaches (42ms)
			SetupLoadedEditorAssemblies (223ms)
				LogAssemblyErrors (0ms)
				InitializePlatformSupportModulesInManaged (5ms)
				SetLoadedEditorAssemblies (0ms)
				RefreshPlugins (44ms)
				BeforeProcessingInitializeOnLoad (21ms)
				ProcessInitializeOnLoadAttributes (107ms)
				ProcessInitializeOnLoadMethodAttributes (44ms)
				AfterProcessingInitializeOnLoad (0ms)
				EditorAssembliesLoaded (0ms)
			ExecutionOrderSort2 (0ms)
			AwakeInstancesAfterBackupRestoration (0ms)
Platform modules already initialized, skipping
Registering precompiled user dll's ...
Registered in 0.003364 seconds.
Begin MonoManager ReloadAssembly
Native extension for WindowsStandalone target not found
Refreshing native plugins compatible for Editor in 0.34 ms, found 2 plugins.
Preloading 0 native plugins for Editor in 0.00 ms.
Mono: successfully reloaded assembly
- Completed reload, in  1.469 seconds
Domain Reload Profiling:
	ReloadAssembly (1470ms)
		BeginReloadAssembly (248ms)
			ExecutionOrderSort (0ms)
			DisableScriptedObjects (6ms)
			BackupInstance (0ms)
			ReleaseScriptingObjects (0ms)
			CreateAndSetChildDomain (38ms)
		EndReloadAssembly (1131ms)
			LoadAssemblies (117ms)
			RebuildTransferFunctionScriptingTraits (0ms)
			SetupTypeCache (381ms)
			ReleaseScriptCaches (0ms)
			RebuildScriptCaches (55ms)
			SetupLoadedEditorAssemblies (457ms)
				LogAssemblyErrors (0ms)
				InitializePlatformSupportModulesInManaged (6ms)
				SetLoadedEditorAssemblies (1ms)
				RefreshPlugins (0ms)
				BeforeProcessingInitializeOnLoad (101ms)
				ProcessInitializeOnLoadAttributes (334ms)
				ProcessInitializeOnLoadMethodAttributes (6ms)
				AfterProcessingInitializeOnLoad (8ms)
				EditorAssembliesLoaded (0ms)
			ExecutionOrderSort2 (0ms)
			AwakeInstancesAfterBackupRestoration (9ms)
Platform modules already initialized, skipping
========================================================================
Worker process is ready to serve import requests
Launched and connected shader compiler UnityShaderCompiler.exe after 0.08 seconds
Refreshing native plugins compatible for Editor in 0.34 ms, found 2 plugins.
Preloading 0 native plugins for Editor in 0.00 ms.
Unloading 1435 Unused Serialized files (Serialized files now loaded: 0)
System memory in use before: 137.8 MB.
System memory in use after: 137.9 MB.

Unloading 16 unused Assets to reduce memory usage. Loaded Objects now: 1874.
Total: 3.034900 ms (FindLiveObjects: 0.176300 ms CreateObjectMapping: 0.057100 ms MarkObjects: 2.728200 ms  DeleteObjects: 0.072000 ms)

AssetImportParameters requested are different than current active one (requested -> active):
  custom:framework-win-MediaFoundation: 216162199b28c13a410421893ffa2e32 -> 
  custom:video-decoder-ogg-theora: a1e56fd34408186e4bbccfd4996cb3dc -> 
  custom:container-muxer-webm: aa71ff27fc2769a1b78a27578f13a17b -> 
  custom:container-demuxer-webm: 4f35f7cbe854078d1ac9338744f61a02 -> 
  custom:container-demuxer-ogg: 62fdf1f143b41e24485cea50d1cbac27 -> 
  custom:video-encoder-webm-vp8: eb34c28f22e8b96e1ab97ce403110664 -> 
  custom:video-decoder-webm-vp8: 9c59270c3fd7afecdb556c50c9e8de78 -> 
  custom:audio-decoder-ogg-vorbis: bf7c407c2cedff20999df2af8eb42d56 -> 
  custom:audio-encoder-webm-vorbis: bf7c407c2cedff20999df2af8eb42d56 -> 
========================================================================
Received Import Request.
  path: Assets/Scenes
  artifactKey: Guid(73352bf59ace77c48bf5c471c9386a9f) Importer(815301076,1909f56bfc062723c751e8b465ee728b)
Start importing Assets/Scenes using Guid(73352bf59ace77c48bf5c471c9386a9f) Importer(815301076,1909f56bfc062723c751e8b465ee728b)  -> (artifact id: '90744090a1a041ace003730efd724412') in 0.013042 seconds 
  Import took 0.015711 seconds .

========================================================================
Received Import Request.
  Time since last request: 4.773398 seconds.
  path: Assets/Tobbes bullshit
  artifactKey: Guid(eee83af4fc2b58d44a31359ad0eb090a) Importer(815301076,1909f56bfc062723c751e8b465ee728b)
Start importing Assets/Tobbes bullshit using Guid(eee83af4fc2b58d44a31359ad0eb090a) Importer(815301076,1909f56bfc062723c751e8b465ee728b)  -> (artifact id: '8e8b508916c5feb81895234f13f2f222') in 0.014238 seconds 
  Import took 0.018623 seconds .

========================================================================
Received Import Request.
  Time since last request: 2.564725 seconds.
  path: Assets/Tobbes bullshit/Scenes
  artifactKey: Guid(2ac4c2f84f45fd74686680167bee7d9a) Importer(815301076,1909f56bfc062723c751e8b465ee728b)
Start importing Assets/Tobbes bullshit/Scenes using Guid(2ac4c2f84f45fd74686680167bee7d9a) Importer(815301076,1909f56bfc062723c751e8b465ee728b)  -> (artifact id: '5e334c993a12be212e57f245fdd6d504') in 0.006696 seconds 
  Import took 0.015296 seconds .

========================================================================
Received Import Request.
  Time since last request: 10.261136 seconds.
  path: Assets/Tobbes bullshit/Colors/Brun.mat
  artifactKey: Guid(7fd4afc24747dae4fa3fec8523838879) Importer(815301076,1909f56bfc062723c751e8b465ee728b)
Start importing Assets/Tobbes bullshit/Colors/Brun.mat using Guid(7fd4afc24747dae4fa3fec8523838879) Importer(815301076,1909f56bfc062723c751e8b465ee728b)  -> (artifact id: '2c4dd70265b5642035148c17364dd4e6') in 0.166564 seconds 
  Import took 0.169455 seconds .

========================================================================
Received Import Request.
  Time since last request: 0.000249 seconds.
  path: Assets/Tobbes bullshit/Colors/Gul.mat
  artifactKey: Guid(6af00b0f41a0d5b418031a463c7f4dcc) Importer(815301076,1909f56bfc062723c751e8b465ee728b)
Start importing Assets/Tobbes bullshit/Colors/Gul.mat using Guid(6af00b0f41a0d5b418031a463c7f4dcc) Importer(815301076,1909f56bfc062723c751e8b465ee728b)  -> (artifact id: '1f8bb51c59e1a2bca1ddee61b3e8d579') in 0.027987 seconds 
  Import took 0.031352 seconds .

========================================================================
Received Import Request.
  Time since last request: 0.000217 seconds.
  path: Assets/Tobbes bullshit/Colors/Grön.mat
  artifactKey: Guid(b3bfdde632aba2e4c98e49e5f7743ccc) Importer(815301076,1909f56bfc062723c751e8b465ee728b)
Start importing Assets/Tobbes bullshit/Colors/Grön.mat using Guid(b3bfdde632aba2e4c98e49e5f7743ccc) Importer(815301076,1909f56bfc062723c751e8b465ee728b)  -> (artifact id: '8d2c88d11939233a17a1185992e42f99') in 0.016518 seconds 
  Import took 0.020935 seconds .

========================================================================
Received Import Request.
  Time since last request: 0.000305 seconds.
  path: Assets/Tobbes bullshit/Colors/Gray.mat
  artifactKey: Guid(0edfcbef87521aa4caa60c052d364c95) Importer(815301076,1909f56bfc062723c751e8b465ee728b)
Start importing Assets/Tobbes bullshit/Colors/Gray.mat using Guid(0edfcbef87521aa4caa60c052d364c95) Importer(815301076,1909f56bfc062723c751e8b465ee728b)  -> (artifact id: 'bd6ba054e4e9ddfa9d54f8a941240123') in 0.024326 seconds 
  Import took 0.028653 seconds .

========================================================================
Received Import Request.
  Time since last request: 0.000451 seconds.
  path: Assets/Tobbes bullshit/Colors/Svart.mat
  artifactKey: Guid(f54e8f2b605427f49bd4bb06cf6ce608) Importer(815301076,1909f56bfc062723c751e8b465ee728b)
Start importing Assets/Tobbes bullshit/Colors/Svart.mat using Guid(f54e8f2b605427f49bd4bb06cf6ce608) Importer(815301076,1909f56bfc062723c751e8b465ee728b)  -> (artifact id: '1a64445617ae35bf33f3c5eeae5bd2d1') in 0.029007 seconds 
  Import took 0.036985 seconds .

========================================================================
Received Import Request.
  Time since last request: 1.289232 seconds.
  path: Assets/Tobbes bullshit/Pictures/abstraktionutrymmebakgrund-för-design-mystiskt-ljust-planeter-stjärnor-och-galaxer-i-yttre-rymd-som-visar-skönheten-av-utrymme-107361888.jpg
  artifactKey: Guid(513f219036873694b81eef3290e1db4a) Importer(815301076,1909f56bfc062723c751e8b465ee728b)
Start importing Assets/Tobbes bullshit/Pictures/abstraktionutrymmebakgrund-för-design-mystiskt-ljust-planeter-stjärnor-och-galaxer-i-yttre-rymd-som-visar-skönheten-av-utrymme-107361888.jpg using Guid(513f219036873694b81eef3290e1db4a) Importer(815301076,1909f56bfc062723c751e8b465ee728b)  -> (artifact id: '89b1d1d2bc2e42ff8c7dadcf1a610467') in 0.099796 seconds 
  Import took 0.104264 seconds .

========================================================================
Received Import Request.
  Time since last request: 0.000365 seconds.
  path: Assets/Tobbes bullshit/Pictures/bomb.prefab
  artifactKey: Guid(7b79e28a13c2c994abd03146b2634a48) Importer(815301076,1909f56bfc062723c751e8b465ee728b)
Start importing Assets/Tobbes bullshit/Pictures/bomb.prefab using Guid(7b79e28a13c2c994abd03146b2634a48) Importer(815301076,1909f56bfc062723c751e8b465ee728b)  -> (artifact id: '96a43ee7ea20a650c32cb6bb70ad72fd') in 0.055934 seconds 
  Import took 0.062500 seconds .

========================================================================
Received Import Request.
  Time since last request: 0.000391 seconds.
  path: Assets/Tobbes bullshit/Pictures/Particle2.mat
  artifactKey: Guid(aa7c80db125a9a044a43e6a2a357bd02) Importer(815301076,1909f56bfc062723c751e8b465ee728b)
Start importing Assets/Tobbes bullshit/Pictures/Particle2.mat using Guid(aa7c80db125a9a044a43e6a2a357bd02) Importer(815301076,1909f56bfc062723c751e8b465ee728b)  -> (artifact id: 'abbb1a0e3f6ae0e233ec325aa1f50a84') in 3.366231 seconds 
  Import took 3.370618 seconds .

========================================================================
Received Import Request.
  Time since last request: 0.000300 seconds.
  path: Assets/Tobbes bullshit/Prefabs/tets.fbx
  artifactKey: Guid(0176ce4176d4f554b96a25c0c71af914) Importer(815301076,1909f56bfc062723c751e8b465ee728b)
Start importing Assets/Tobbes bullshit/Prefabs/tets.fbx using Guid(0176ce4176d4f554b96a25c0c71af914) Importer(815301076,1909f56bfc062723c751e8b465ee728b)  -> (artifact id: '919b83a04a6d33bad15625d82dc1523e') in 0.784207 seconds 
  Import took 0.786833 seconds .

========================================================================
Received Import Request.
  Time since last request: 0.000238 seconds.
  path: Assets/Tobbes bullshit/Pictures/Alien.prefab
  artifactKey: Guid(f33c91ce2b51a324f8aa142e3e58ba8e) Importer(815301076,1909f56bfc062723c751e8b465ee728b)
Start importing Assets/Tobbes bullshit/Pictures/Alien.prefab using Guid(f33c91ce2b51a324f8aa142e3e58ba8e) Importer(815301076,1909f56bfc062723c751e8b465ee728b)  -> (artifact id: 'a29e8d205eb9c758b4156d9e69f3820e') in 0.029374 seconds 
  Import took 0.033035 seconds .

========================================================================
Received Import Request.
  Time since last request: 0.000237 seconds.
  path: Assets/Tobbes bullshit/Pictures/Porato.png
  artifactKey: Guid(96600ee0c6c1ce14cb4cb3603f4560d6) Importer(815301076,1909f56bfc062723c751e8b465ee728b)
Start importing Assets/Tobbes bullshit/Pictures/Porato.png using Guid(96600ee0c6c1ce14cb4cb3603f4560d6) Importer(815301076,1909f56bfc062723c751e8b465ee728b)  -> (artifact id: '1d47130c178eff90f415e734165db8ee') in 0.029649 seconds 
  Import took 0.032948 seconds .

========================================================================
Received Import Request.
  Time since last request: 0.000275 seconds.
  path: Assets/Tobbes bullshit/Pictures/New Piskel.png
  artifactKey: Guid(2dd8449a083020f41af32a9bf2fa50d0) Importer(815301076,1909f56bfc062723c751e8b465ee728b)
Start importing Assets/Tobbes bullshit/Pictures/New Piskel.png using Guid(2dd8449a083020f41af32a9bf2fa50d0) Importer(815301076,1909f56bfc062723c751e8b465ee728b)  -> (artifact id: '6b8f621a89cba08d42168643ba72a39b') in 0.055160 seconds 
  Import took 0.059562 seconds .

========================================================================
Received Import Request.
  Time since last request: 0.000344 seconds.
  path: Assets/Tobbes bullshit/Pictures/asteroidspritesheet.png
  artifactKey: Guid(51b8b804acd490747ac8f2f0609502b3) Importer(815301076,1909f56bfc062723c751e8b465ee728b)
Start importing Assets/Tobbes bullshit/Pictures/asteroidspritesheet.png using Guid(51b8b804acd490747ac8f2f0609502b3) Importer(815301076,1909f56bfc062723c751e8b465ee728b)  -> (artifact id: 'e80dcf5cc1477a4968ca28ffdd3cd1e7') in 0.050389 seconds 
  Import took 0.054331 seconds .

========================================================================
Received Import Request.
  Time since last request: 0.000330 seconds.
  path: Assets/Tobbes bullshit/Pictures/Particle.mat
  artifactKey: Guid(51b1428bc36d7bb4888c41885d08ab11) Importer(815301076,1909f56bfc062723c751e8b465ee728b)
Start importing Assets/Tobbes bullshit/Pictures/Particle.mat using Guid(51b1428bc36d7bb4888c41885d08ab11) Importer(815301076,1909f56bfc062723c751e8b465ee728b)  -> (artifact id: 'b8c57e5b8e269758e822a3c01da327b7') in 0.026890 seconds 
  Import took 0.031912 seconds .

========================================================================
Received Import Request.
  Time since last request: 0.000262 seconds.
  path: Assets/Tobbes bullshit/Pictures/alf 3.png
  artifactKey: Guid(99a8cbfa91bb37646b02909ef69b0fe2) Importer(815301076,1909f56bfc062723c751e8b465ee728b)
Start importing Assets/Tobbes bullshit/Pictures/alf 3.png using Guid(99a8cbfa91bb37646b02909ef69b0fe2) Importer(815301076,1909f56bfc062723c751e8b465ee728b)  -> (artifact id: 'af1c542e69634be88ccd397c5bea831c') in 0.031326 seconds 
  Import took 0.035353 seconds .

========================================================================
Received Import Request.
  Time since last request: 0.000256 seconds.
  path: Assets/Tobbes bullshit/Pictures/alf 2.png
  artifactKey: Guid(b5ba9a6d084894e4bb752933f8a9a014) Importer(815301076,1909f56bfc062723c751e8b465ee728b)
Start importing Assets/Tobbes bullshit/Pictures/alf 2.png using Guid(b5ba9a6d084894e4bb752933f8a9a014) Importer(815301076,1909f56bfc062723c751e8b465ee728b)  -> (artifact id: 'be77f669b4c3e14b50034dc7b3e2e104') in 0.029070 seconds 
  Import took 0.033125 seconds .

========================================================================
Received Import Request.
  Time since last request: 0.000282 seconds.
  path: Assets/Tobbes bullshit/Pictures/alf 1.png
  artifactKey: Guid(fe5c493cbfd11b24587d88d53a8d86b3) Importer(815301076,1909f56bfc062723c751e8b465ee728b)
Start importing Assets/Tobbes bullshit/Pictures/alf 1.png using Guid(fe5c493cbfd11b24587d88d53a8d86b3) Importer(815301076,1909f56bfc062723c751e8b465ee728b)  -> (artifact id: '917288626cdfe8055c2431aaffce551c') in 0.030632 seconds 
  Import took 0.035509 seconds .

========================================================================
Received Import Request.
  Time since last request: 0.000467 seconds.
  path: Assets/Tobbes bullshit/Pictures/Snapchat-1639042254 x 111111 kopiera1.jpg
  artifactKey: Guid(edd6fc12c870da8458e57bb338dd8022) Importer(815301076,1909f56bfc062723c751e8b465ee728b)
Start importing Assets/Tobbes bullshit/Pictures/Snapchat-1639042254 x 111111 kopiera1.jpg using Guid(edd6fc12c870da8458e57bb338dd8022) Importer(815301076,1909f56bfc062723c751e8b465ee728b)  -> (artifact id: '1e044fad0fbc639c742dff80411bb786') in 0.028695 seconds 
  Import took 0.034241 seconds .

========================================================================
Received Import Request.
  Time since last request: 0.000261 seconds.
  path: Assets/Tobbes bullshit/Pictures/TNT.png
  artifactKey: Guid(9b9ce3838e3125d4a9ae6d468abdc88e) Importer(815301076,1909f56bfc062723c751e8b465ee728b)
Start importing Assets/Tobbes bullshit/Pictures/TNT.png using Guid(9b9ce3838e3125d4a9ae6d468abdc88e) Importer(815301076,1909f56bfc062723c751e8b465ee728b)  -> (artifact id: '0d7354a097fcbb448d3a7693d642228c') in 0.079427 seconds 
  Import took 0.084383 seconds .

========================================================================
Received Import Request.
  Time since last request: 0.000510 seconds.
  path: Assets/Tobbes bullshit/Prefabs/Billet.prefab
  artifactKey: Guid(c06afc54502e99346a1066bbe80cc553) Importer(815301076,1909f56bfc062723c751e8b465ee728b)
Start importing Assets/Tobbes bullshit/Prefabs/Billet.prefab using Guid(c06afc54502e99346a1066bbe80cc553) Importer(815301076,1909f56bfc062723c751e8b465ee728b)  -> (artifact id: 'b917890caf8d16d07aa35997382b8157') in 0.022898 seconds 
  Import took 0.027353 seconds .

========================================================================
Received Import Request.
  Time since last request: 34.920549 seconds.
  path: Assets/Tobbes bullshit/Scenes/Markus.unity
  artifactKey: Guid(fa3ad3a4ef6c4d84ca3a3024e94ca600) Importer(815301076,1909f56bfc062723c751e8b465ee728b)
Start importing Assets/Tobbes bullshit/Scenes/Markus.unity using Guid(fa3ad3a4ef6c4d84ca3a3024e94ca600) Importer(815301076,1909f56bfc062723c751e8b465ee728b)  -> (artifact id: '8716adee16f1d0cfe3e34259008109e8') in 0.008995 seconds 
  Import took 0.012941 seconds .

========================================================================
Received Import Request.
  Time since last request: 92.610133 seconds.
  path: Assets/Tobbes bullshit/Scrips
  artifactKey: Guid(f7e0fe400adf24840b9e53916f804932) Importer(815301076,1909f56bfc062723c751e8b465ee728b)
Start importing Assets/Tobbes bullshit/Scrips using Guid(f7e0fe400adf24840b9e53916f804932) Importer(815301076,1909f56bfc062723c751e8b465ee728b)  -> (artifact id: 'b7bc50e787ef29afe4a768a23b50ba6b') in 0.015366 seconds 
  Import took 0.019138 seconds .

========================================================================
Received Import Request.
  Time since last request: 25.287784 seconds.
  path: Assets/Scrips
  artifactKey: Guid(93fa5ded3ac183047829dc35ab924eb7) Importer(815301076,1909f56bfc062723c751e8b465ee728b)
Start importing Assets/Scrips using Guid(93fa5ded3ac183047829dc35ab924eb7) Importer(815301076,1909f56bfc062723c751e8b465ee728b)  -> (artifact id: '3466dd7334df416c27892789c2b57fc2') in 0.004671 seconds 
  Import took 0.015442 seconds .

========================================================================
Received Import Request.
  Time since last request: 2.865781 seconds.
  path: Assets/Scrips/EnemySpawn.cs
  artifactKey: Guid(988581037b176614e96fa756dd34dabe) Importer(815301076,1909f56bfc062723c751e8b465ee728b)
Start importing Assets/Scrips/EnemySpawn.cs using Guid(988581037b176614e96fa756dd34dabe) Importer(815301076,1909f56bfc062723c751e8b465ee728b)  -> (artifact id: '0d54263e91987ae49f60ed2cfb18fdb1') in 0.030866 seconds 
  Import took 0.037494 seconds .

========================================================================
Received Import Request.
  Time since last request: 11.704036 seconds.
  path: Assets/Scrips/Menu.cs
  artifactKey: Guid(964e0da21cedc94499e74884d9a1910f) Importer(815301076,1909f56bfc062723c751e8b465ee728b)
Start importing Assets/Scrips/Menu.cs using Guid(964e0da21cedc94499e74884d9a1910f) Importer(815301076,1909f56bfc062723c751e8b465ee728b)  -> (artifact id: '1d4856fe105bc8850cf53cc5ed98e186') in 0.014042 seconds 
  Import took 0.019550 seconds .

========================================================================
Received Prepare
Registering precompiled user dll's ...
Registered in 0.002591 seconds.
Begin MonoManager ReloadAssembly
Native extension for WindowsStandalone target not found
Refreshing native plugins compatible for Editor in 0.46 ms, found 2 plugins.
Preloading 0 native plugins for Editor in 0.00 ms.
Mono: successfully reloaded assembly
- Completed reload, in  1.446 seconds
Domain Reload Profiling:
	ReloadAssembly (1446ms)
		BeginReloadAssembly (165ms)
			ExecutionOrderSort (0ms)
			DisableScriptedObjects (5ms)
			BackupInstance (0ms)
			ReleaseScriptingObjects (0ms)
			CreateAndSetChildDomain (48ms)
		EndReloadAssembly (1176ms)
			LoadAssemblies (132ms)
			RebuildTransferFunctionScriptingTraits (0ms)
			SetupTypeCache (425ms)
			ReleaseScriptCaches (1ms)
			RebuildScriptCaches (48ms)
			SetupLoadedEditorAssemblies (442ms)
				LogAssemblyErrors (0ms)
				InitializePlatformSupportModulesInManaged (8ms)
				SetLoadedEditorAssemblies (1ms)
				RefreshPlugins (1ms)
				BeforeProcessingInitializeOnLoad (125ms)
				ProcessInitializeOnLoadAttributes (293ms)
				ProcessInitializeOnLoadMethodAttributes (6ms)
				AfterProcessingInitializeOnLoad (8ms)
				EditorAssembliesLoaded (0ms)
			ExecutionOrderSort2 (0ms)
			AwakeInstancesAfterBackupRestoration (11ms)
Platform modules already initialized, skipping
Refreshing native plugins compatible for Editor in 0.86 ms, found 2 plugins.
Preloading 0 native plugins for Editor in 0.00 ms.
Unloading 1430 Unused Serialized files (Serialized files now loaded: 0)
System memory in use before: 141.4 MB.
System memory in use after: 141.5 MB.

Unloading 11 unused Assets to reduce memory usage. Loaded Objects now: 1940.
Total: 3.933000 ms (FindLiveObjects: 0.423600 ms CreateObjectMapping: 0.175800 ms MarkObjects: 3.295400 ms  DeleteObjects: 0.026600 ms)

AssetImportParameters requested are different than current active one (requested -> active):
  custom:framework-win-MediaFoundation: 216162199b28c13a410421893ffa2e32 -> 
  custom:video-decoder-ogg-theora: a1e56fd34408186e4bbccfd4996cb3dc -> 
  custom:container-muxer-webm: aa71ff27fc2769a1b78a27578f13a17b -> 
  custom:container-demuxer-webm: 4f35f7cbe854078d1ac9338744f61a02 -> 
  custom:container-demuxer-ogg: 62fdf1f143b41e24485cea50d1cbac27 -> 
  custom:video-encoder-webm-vp8: eb34c28f22e8b96e1ab97ce403110664 -> 
  custom:video-decoder-webm-vp8: 9c59270c3fd7afecdb556c50c9e8de78 -> 
  custom:audio-decoder-ogg-vorbis: bf7c407c2cedff20999df2af8eb42d56 -> 
  custom:audio-encoder-webm-vorbis: bf7c407c2cedff20999df2af8eb42d56 -> 
========================================================================
Received Import Request.
  Time since last request: 88.341306 seconds.
  path: Assets/Scrips/Menu.cs
  artifactKey: Guid(964e0da21cedc94499e74884d9a1910f) Importer(815301076,1909f56bfc062723c751e8b465ee728b)
Start importing Assets/Scrips/Menu.cs using Guid(964e0da21cedc94499e74884d9a1910f) Importer(815301076,1909f56bfc062723c751e8b465ee728b)  -> (artifact id: '93b97ce72e06c388488f8fe257709ebb') in 0.011394 seconds 
  Import took 0.017892 seconds .

========================================================================
Received Prepare
Registering precompiled user dll's ...
Registered in 0.003331 seconds.
Begin MonoManager ReloadAssembly
Native extension for WindowsStandalone target not found
Refreshing native plugins compatible for Editor in 0.48 ms, found 2 plugins.
Preloading 0 native plugins for Editor in 0.00 ms.
Mono: successfully reloaded assembly
- Completed reload, in  1.393 seconds
Domain Reload Profiling:
	ReloadAssembly (1394ms)
		BeginReloadAssembly (127ms)
			ExecutionOrderSort (0ms)
			DisableScriptedObjects (6ms)
			BackupInstance (0ms)
			ReleaseScriptingObjects (0ms)
			CreateAndSetChildDomain (42ms)
		EndReloadAssembly (1185ms)
			LoadAssemblies (110ms)
			RebuildTransferFunctionScriptingTraits (0ms)
			SetupTypeCache (447ms)
			ReleaseScriptCaches (1ms)
			RebuildScriptCaches (56ms)
			SetupLoadedEditorAssemblies (412ms)
				LogAssemblyErrors (0ms)
				InitializePlatformSupportModulesInManaged (7ms)
				SetLoadedEditorAssemblies (1ms)
				RefreshPlugins (1ms)
				BeforeProcessingInitializeOnLoad (104ms)
				ProcessInitializeOnLoadAttributes (285ms)
				ProcessInitializeOnLoadMethodAttributes (8ms)
				AfterProcessingInitializeOnLoad (6ms)
				EditorAssembliesLoaded (0ms)
			ExecutionOrderSort2 (0ms)
			AwakeInstancesAfterBackupRestoration (8ms)
Platform modules already initialized, skipping
Refreshing native plugins compatible for Editor in 0.36 ms, found 2 plugins.
Preloading 0 native plugins for Editor in 0.00 ms.
Unloading 1430 Unused Serialized files (Serialized files now loaded: 0)
System memory in use before: 141.4 MB.
System memory in use after: 141.5 MB.

Unloading 11 unused Assets to reduce memory usage. Loaded Objects now: 1942.
Total: 3.008400 ms (FindLiveObjects: 0.158900 ms CreateObjectMapping: 0.047400 ms MarkObjects: 2.782700 ms  DeleteObjects: 0.017900 ms)

AssetImportParameters requested are different than current active one (requested -> active):
  custom:framework-win-MediaFoundation: 216162199b28c13a410421893ffa2e32 -> 
  custom:video-decoder-ogg-theora: a1e56fd34408186e4bbccfd4996cb3dc -> 
  custom:container-muxer-webm: aa71ff27fc2769a1b78a27578f13a17b -> 
  custom:container-demuxer-webm: 4f35f7cbe854078d1ac9338744f61a02 -> 
  custom:container-demuxer-ogg: 62fdf1f143b41e24485cea50d1cbac27 -> 
  custom:video-encoder-webm-vp8: eb34c28f22e8b96e1ab97ce403110664 -> 
  custom:video-decoder-webm-vp8: 9c59270c3fd7afecdb556c50c9e8de78 -> 
  custom:audio-decoder-ogg-vorbis: bf7c407c2cedff20999df2af8eb42d56 -> 
  custom:audio-encoder-webm-vorbis: bf7c407c2cedff20999df2af8eb42d56 -> 
AssetImportWorkerClient::OnTransportError - code=2 error=End of file
