Using pre-set license
Built from '2020.3/staging' branch; Version is '2020.3.20f1 (41c4e627c95f) revision 4310246'; Using compiler version '192528614'; Build Type 'Release'
OS: 'Windows 10 Education; OS build 18363.1440; Version 1909; 64bit' Language: 'sv' Physical Memory: 16221 MB
BatchMode: 1, IsHumanControllingUs: 0, StartBugReporterOnCrash: 0, Is64bit: 1, IsPro: 0

COMMAND LINE ARGUMENTS:
C:\Program Files\Unity\Hub\Editor\2020.3.20f1\Editor\Unity.exe
-adb2
-batchMode
-noUpm
-name
AssetImportWorker0
-projectPath
C:/Users/emma.omfors/Documents/GitHub/Juicyness
-logFile
Logs/AssetImportWorker0.log
-srvPort
63057
Successfully changed project path to: C:/Users/emma.omfors/Documents/GitHub/Juicyness
C:/Users/emma.omfors/Documents/GitHub/Juicyness
Using Asset Import Pipeline V2.
Refreshing native plugins compatible for Editor in 73.95 ms, found 2 plugins.
Preloading 0 native plugins for Editor in 0.00 ms.
Initialize engine version: 2020.3.20f1 (41c4e627c95f)
[Subsystems] Discovering subsystems at path C:/Program Files/Unity/Hub/Editor/2020.3.20f1/Editor/Data/Resources/UnitySubsystems
[Subsystems] Discovering subsystems at path C:/Users/emma.omfors/Documents/GitHub/Juicyness/Assets
GfxDevice: creating device client; threaded=0
Direct3D:
    Version:  Direct3D 11.0 [level 11.1]
    Renderer: NVIDIA GeForce MX250 (ID=0x1d13)
    Vendor:   
    VRAM:     1983 MB
    Driver:   26.21.14.3198
Initialize mono
Mono path[0] = 'C:/Program Files/Unity/Hub/Editor/2020.3.20f1/Editor/Data/Managed'
Mono path[1] = 'C:/Program Files/Unity/Hub/Editor/2020.3.20f1/Editor/Data/MonoBleedingEdge/lib/mono/unityjit'
Mono config path = 'C:/Program Files/Unity/Hub/Editor/2020.3.20f1/Editor/Data/MonoBleedingEdge/etc'
Using monoOptions --debugger-agent=transport=dt_socket,embedding=1,server=y,suspend=n,address=127.0.0.1:56940
Begin MonoManager ReloadAssembly
Registering precompiled unity dll's ...
Register platform support module: C:/Program Files/Unity/Hub/Editor/2020.3.20f1/Editor/Data/PlaybackEngines/MacStandaloneSupport/UnityEditor.OSXStandalone.Extensions.dll
Register platform support module: C:/Program Files/Unity/Hub/Editor/2020.3.20f1/Editor/Data/PlaybackEngines/WindowsStandaloneSupport/UnityEditor.WindowsStandalone.Extensions.dll
Registered in 0.008558 seconds.
Native extension for WindowsStandalone target not found
Native extension for OSXStandalone target not found
Refreshing native plugins compatible for Editor in 263.76 ms, found 2 plugins.
Preloading 0 native plugins for Editor in 0.00 ms.
Mono: successfully reloaded assembly
- Completed reload, in  4.037 seconds
Domain Reload Profiling:
	ReloadAssembly (4038ms)
		BeginReloadAssembly (118ms)
			ExecutionOrderSort (0ms)
			DisableScriptedObjects (0ms)
			BackupInstance (0ms)
			ReleaseScriptingObjects (0ms)
			CreateAndSetChildDomain (3ms)
		EndReloadAssembly (2481ms)
			LoadAssemblies (114ms)
			RebuildTransferFunctionScriptingTraits (0ms)
			SetupTypeCache (610ms)
			ReleaseScriptCaches (0ms)
			RebuildScriptCaches (183ms)
			SetupLoadedEditorAssemblies (1215ms)
				LogAssemblyErrors (0ms)
				InitializePlatformSupportModulesInManaged (35ms)
				SetLoadedEditorAssemblies (2ms)
				RefreshPlugins (264ms)
				BeforeProcessingInitializeOnLoad (144ms)
				ProcessInitializeOnLoadAttributes (570ms)
				ProcessInitializeOnLoadMethodAttributes (198ms)
				AfterProcessingInitializeOnLoad (0ms)
				EditorAssembliesLoaded (1ms)
			ExecutionOrderSort2 (0ms)
			AwakeInstancesAfterBackupRestoration (0ms)
Platform modules already initialized, skipping
Registering precompiled user dll's ...
Registered in 0.019097 seconds.
Begin MonoManager ReloadAssembly
Native extension for WindowsStandalone target not found
Native extension for OSXStandalone target not found
Refreshing native plugins compatible for Editor in 0.69 ms, found 2 plugins.
Preloading 0 native plugins for Editor in 0.00 ms.
Mono: successfully reloaded assembly
- Completed reload, in  3.626 seconds
Domain Reload Profiling:
	ReloadAssembly (3628ms)
		BeginReloadAssembly (553ms)
			ExecutionOrderSort (0ms)
			DisableScriptedObjects (15ms)
			BackupInstance (0ms)
			ReleaseScriptingObjects (0ms)
			CreateAndSetChildDomain (56ms)
		EndReloadAssembly (2755ms)
			LoadAssemblies (301ms)
			RebuildTransferFunctionScriptingTraits (0ms)
			SetupTypeCache (1094ms)
			ReleaseScriptCaches (2ms)
			RebuildScriptCaches (217ms)
			SetupLoadedEditorAssemblies (812ms)
				LogAssemblyErrors (0ms)
				InitializePlatformSupportModulesInManaged (15ms)
				SetLoadedEditorAssemblies (1ms)
				RefreshPlugins (1ms)
				BeforeProcessingInitializeOnLoad (263ms)
				ProcessInitializeOnLoadAttributes (511ms)
				ProcessInitializeOnLoadMethodAttributes (11ms)
				AfterProcessingInitializeOnLoad (10ms)
				EditorAssembliesLoaded (0ms)
			ExecutionOrderSort2 (0ms)
			AwakeInstancesAfterBackupRestoration (13ms)
Platform modules already initialized, skipping
========================================================================
Worker process is ready to serve import requests
Launched and connected shader compiler UnityShaderCompiler.exe after 0.16 seconds
Refreshing native plugins compatible for Editor in 0.50 ms, found 2 plugins.
Preloading 0 native plugins for Editor in 0.00 ms.
Unloading 1434 Unused Serialized files (Serialized files now loaded: 0)
System memory in use before: 66.0 MB.
System memory in use after: 66.1 MB.

Unloading 16 unused Assets to reduce memory usage. Loaded Objects now: 1870.
Total: 4.089300 ms (FindLiveObjects: 0.181700 ms CreateObjectMapping: 0.062900 ms MarkObjects: 3.698400 ms  DeleteObjects: 0.144800 ms)

AssetImportParameters requested are different than current active one (requested -> active):
  custom:framework-win-MediaFoundation: 216162199b28c13a410421893ffa2e32 -> 
  custom:video-decoder-ogg-theora: a1e56fd34408186e4bbccfd4996cb3dc -> 
  custom:container-muxer-webm: aa71ff27fc2769a1b78a27578f13a17b -> 
  custom:container-demuxer-webm: 4f35f7cbe854078d1ac9338744f61a02 -> 
  custom:container-demuxer-ogg: 62fdf1f143b41e24485cea50d1cbac27 -> 
  custom:video-encoder-webm-vp8: eb34c28f22e8b96e1ab97ce403110664 -> 
  custom:video-decoder-webm-vp8: 9c59270c3fd7afecdb556c50c9e8de78 -> 
  custom:audio-decoder-ogg-vorbis: bf7c407c2cedff20999df2af8eb42d56 -> 
  custom:audio-encoder-webm-vorbis: bf7c407c2cedff20999df2af8eb42d56 -> 
========================================================================
Received Import Request.
  path: Assets/Pictures/bomb.prefab
  artifactKey: Guid(7b79e28a13c2c994abd03146b2634a48) Importer(815301076,1909f56bfc062723c751e8b465ee728b)
Start importing Assets/Pictures/bomb.prefab using Guid(7b79e28a13c2c994abd03146b2634a48) Importer(815301076,1909f56bfc062723c751e8b465ee728b)  -> (artifact id: '96a43ee7ea20a650c32cb6bb70ad72fd') in 0.243775 seconds 
  Import took 0.249318 seconds .

========================================================================
Received Import Request.
  Time since last request: 0.000299 seconds.
  path: Assets/Pictures/Particle2.mat
  artifactKey: Guid(aa7c80db125a9a044a43e6a2a357bd02) Importer(815301076,1909f56bfc062723c751e8b465ee728b)
Start importing Assets/Pictures/Particle2.mat using Guid(aa7c80db125a9a044a43e6a2a357bd02) Importer(815301076,1909f56bfc062723c751e8b465ee728b)  -> (artifact id: 'abbb1a0e3f6ae0e233ec325aa1f50a84') in 4.334704 seconds 
  Import took 4.340164 seconds .

========================================================================
Received Import Request.
  Time since last request: 0.000389 seconds.
  path: Assets/Pictures/abstraktionutrymmebakgrund-för-design-mystiskt-ljust-planeter-stjärnor-och-galaxer-i-yttre-rymd-som-visar-skönheten-av-utrymme-107361888.jpg
  artifactKey: Guid(513f219036873694b81eef3290e1db4a) Importer(815301076,1909f56bfc062723c751e8b465ee728b)
Start importing Assets/Pictures/abstraktionutrymmebakgrund-för-design-mystiskt-ljust-planeter-stjärnor-och-galaxer-i-yttre-rymd-som-visar-skönheten-av-utrymme-107361888.jpg using Guid(513f219036873694b81eef3290e1db4a) Importer(815301076,1909f56bfc062723c751e8b465ee728b)  -> (artifact id: '89b1d1d2bc2e42ff8c7dadcf1a610467') in 0.220514 seconds 
  Import took 0.225599 seconds .

========================================================================
Received Import Request.
  Time since last request: 0.000351 seconds.
  path: Assets/Pictures/Alien.prefab
  artifactKey: Guid(f33c91ce2b51a324f8aa142e3e58ba8e) Importer(815301076,1909f56bfc062723c751e8b465ee728b)
Start importing Assets/Pictures/Alien.prefab using Guid(f33c91ce2b51a324f8aa142e3e58ba8e) Importer(815301076,1909f56bfc062723c751e8b465ee728b)  -> (artifact id: 'a29e8d205eb9c758b4156d9e69f3820e') in 0.064860 seconds 
  Import took 0.070613 seconds .

========================================================================
Received Import Request.
  Time since last request: 0.000454 seconds.
  path: Assets/Pictures/Porato.png
  artifactKey: Guid(96600ee0c6c1ce14cb4cb3603f4560d6) Importer(815301076,1909f56bfc062723c751e8b465ee728b)
Start importing Assets/Pictures/Porato.png using Guid(96600ee0c6c1ce14cb4cb3603f4560d6) Importer(815301076,1909f56bfc062723c751e8b465ee728b)  -> (artifact id: '1d47130c178eff90f415e734165db8ee') in 0.037943 seconds 
  Import took 0.043946 seconds .

========================================================================
Received Import Request.
  Time since last request: 0.000340 seconds.
  path: Assets/Pictures/New Piskel.png
  artifactKey: Guid(2dd8449a083020f41af32a9bf2fa50d0) Importer(815301076,1909f56bfc062723c751e8b465ee728b)
Start importing Assets/Pictures/New Piskel.png using Guid(2dd8449a083020f41af32a9bf2fa50d0) Importer(815301076,1909f56bfc062723c751e8b465ee728b)  -> (artifact id: '6b8f621a89cba08d42168643ba72a39b') in 0.094731 seconds 
  Import took 0.101556 seconds .

========================================================================
Received Import Request.
  Time since last request: 0.000343 seconds.
  path: Assets/Pictures/asteroidspritesheet.png
  artifactKey: Guid(51b8b804acd490747ac8f2f0609502b3) Importer(815301076,1909f56bfc062723c751e8b465ee728b)
Start importing Assets/Pictures/asteroidspritesheet.png using Guid(51b8b804acd490747ac8f2f0609502b3) Importer(815301076,1909f56bfc062723c751e8b465ee728b)  -> (artifact id: 'e80dcf5cc1477a4968ca28ffdd3cd1e7') in 0.104766 seconds 
  Import took 0.110250 seconds .

========================================================================
Received Import Request.
  Time since last request: 0.000394 seconds.
  path: Assets/Pictures/Particle.mat
  artifactKey: Guid(51b1428bc36d7bb4888c41885d08ab11) Importer(815301076,1909f56bfc062723c751e8b465ee728b)
Start importing Assets/Pictures/Particle.mat using Guid(51b1428bc36d7bb4888c41885d08ab11) Importer(815301076,1909f56bfc062723c751e8b465ee728b)  -> (artifact id: 'b8c57e5b8e269758e822a3c01da327b7') in 0.030713 seconds 
  Import took 0.036922 seconds .

========================================================================
Received Import Request.
  Time since last request: 0.000262 seconds.
  path: Assets/Pictures/alf 3.png
  artifactKey: Guid(99a8cbfa91bb37646b02909ef69b0fe2) Importer(815301076,1909f56bfc062723c751e8b465ee728b)
Start importing Assets/Pictures/alf 3.png using Guid(99a8cbfa91bb37646b02909ef69b0fe2) Importer(815301076,1909f56bfc062723c751e8b465ee728b)  -> (artifact id: 'af1c542e69634be88ccd397c5bea831c') in 0.047305 seconds 
  Import took 0.052948 seconds .

========================================================================
Received Import Request.
  Time since last request: 0.000250 seconds.
  path: Assets/Pictures/alf 2.png
  artifactKey: Guid(b5ba9a6d084894e4bb752933f8a9a014) Importer(815301076,1909f56bfc062723c751e8b465ee728b)
Start importing Assets/Pictures/alf 2.png using Guid(b5ba9a6d084894e4bb752933f8a9a014) Importer(815301076,1909f56bfc062723c751e8b465ee728b)  -> (artifact id: 'be77f669b4c3e14b50034dc7b3e2e104') in 0.031220 seconds 
  Import took 0.035455 seconds .

========================================================================
Received Import Request.
  Time since last request: 0.000352 seconds.
  path: Assets/Pictures/alf 1.png
  artifactKey: Guid(fe5c493cbfd11b24587d88d53a8d86b3) Importer(815301076,1909f56bfc062723c751e8b465ee728b)
Start importing Assets/Pictures/alf 1.png using Guid(fe5c493cbfd11b24587d88d53a8d86b3) Importer(815301076,1909f56bfc062723c751e8b465ee728b)  -> (artifact id: '917288626cdfe8055c2431aaffce551c') in 0.043477 seconds 
  Import took 0.048510 seconds .

========================================================================
Received Import Request.
  Time since last request: 0.000311 seconds.
  path: Assets/Pictures/Snapchat-1639042254 x 111111 kopiera1.jpg
  artifactKey: Guid(edd6fc12c870da8458e57bb338dd8022) Importer(815301076,1909f56bfc062723c751e8b465ee728b)
Start importing Assets/Pictures/Snapchat-1639042254 x 111111 kopiera1.jpg using Guid(edd6fc12c870da8458e57bb338dd8022) Importer(815301076,1909f56bfc062723c751e8b465ee728b)  -> (artifact id: '1e044fad0fbc639c742dff80411bb786') in 0.036324 seconds 
  Import took 0.041383 seconds .

========================================================================
Received Import Request.
  Time since last request: 0.000337 seconds.
  path: Assets/Pictures/TNT.png
  artifactKey: Guid(9b9ce3838e3125d4a9ae6d468abdc88e) Importer(815301076,1909f56bfc062723c751e8b465ee728b)
Start importing Assets/Pictures/TNT.png using Guid(9b9ce3838e3125d4a9ae6d468abdc88e) Importer(815301076,1909f56bfc062723c751e8b465ee728b)  -> (artifact id: '0d7354a097fcbb448d3a7693d642228c') in 0.293839 seconds 
  Import took 0.299543 seconds .

========================================================================
Received Import Request.
  Time since last request: 0.000275 seconds.
  path: Assets/Scrips/spaceShup.cs
  artifactKey: Guid(f462172d8a9ef62448a6139dfb911b36) Importer(815301076,1909f56bfc062723c751e8b465ee728b)
Start importing Assets/Scrips/spaceShup.cs using Guid(f462172d8a9ef62448a6139dfb911b36) Importer(815301076,1909f56bfc062723c751e8b465ee728b)  -> (artifact id: '27fcad21155576eb236d283a486c871a') in 0.031777 seconds 
  Import took 0.037081 seconds .

========================================================================
Received Import Request.
  Time since last request: 821.154471 seconds.
  path: Assets/Scrips
  artifactKey: Guid(f7e0fe400adf24840b9e53916f804932) Importer(815301076,1909f56bfc062723c751e8b465ee728b)
Start importing Assets/Scrips using Guid(f7e0fe400adf24840b9e53916f804932) Importer(815301076,1909f56bfc062723c751e8b465ee728b)  -> (artifact id: 'b7bc50e787ef29afe4a768a23b50ba6b') in 0.014708 seconds 
  Import took 0.021488 seconds .

========================================================================
Received Import Request.
  Time since last request: 6.143853 seconds.
  path: Assets/Scrips/Enemy spawn.cs
  artifactKey: Guid(988581037b176614e96fa756dd34dabe) Importer(815301076,1909f56bfc062723c751e8b465ee728b)
Start importing Assets/Scrips/Enemy spawn.cs using Guid(988581037b176614e96fa756dd34dabe) Importer(815301076,1909f56bfc062723c751e8b465ee728b)  -> (artifact id: '03baf20e58ab4fd7c79c58ca7796640d') in 0.023841 seconds 
  Import took 0.029873 seconds .

========================================================================
Received Prepare
Registering precompiled user dll's ...
Registered in 0.002724 seconds.
Begin MonoManager ReloadAssembly
Native extension for WindowsStandalone target not found
Native extension for OSXStandalone target not found
Refreshing native plugins compatible for Editor in 0.78 ms, found 2 plugins.
Preloading 0 native plugins for Editor in 0.00 ms.
Mono: successfully reloaded assembly
- Completed reload, in  2.225 seconds
Domain Reload Profiling:
	ReloadAssembly (2226ms)
		BeginReloadAssembly (190ms)
			ExecutionOrderSort (0ms)
			DisableScriptedObjects (11ms)
			BackupInstance (0ms)
			ReleaseScriptingObjects (0ms)
			CreateAndSetChildDomain (62ms)
		EndReloadAssembly (1903ms)
			LoadAssemblies (141ms)
			RebuildTransferFunctionScriptingTraits (0ms)
			SetupTypeCache (588ms)
			ReleaseScriptCaches (1ms)
			RebuildScriptCaches (92ms)
			SetupLoadedEditorAssemblies (764ms)
				LogAssemblyErrors (0ms)
				InitializePlatformSupportModulesInManaged (18ms)
				SetLoadedEditorAssemblies (1ms)
				RefreshPlugins (1ms)
				BeforeProcessingInitializeOnLoad (184ms)
				ProcessInitializeOnLoadAttributes (537ms)
				ProcessInitializeOnLoadMethodAttributes (9ms)
				AfterProcessingInitializeOnLoad (12ms)
				EditorAssembliesLoaded (1ms)
			ExecutionOrderSort2 (0ms)
			AwakeInstancesAfterBackupRestoration (16ms)
Platform modules already initialized, skipping
Refreshing native plugins compatible for Editor in 0.65 ms, found 2 plugins.
Preloading 0 native plugins for Editor in 0.00 ms.
Unloading 1429 Unused Serialized files (Serialized files now loaded: 0)
System memory in use before: 140.8 MB.
System memory in use after: 140.9 MB.

Unloading 11 unused Assets to reduce memory usage. Loaded Objects now: 1933.
Total: 6.614500 ms (FindLiveObjects: 0.326700 ms CreateObjectMapping: 0.106200 ms MarkObjects: 6.084500 ms  DeleteObjects: 0.094400 ms)

AssetImportParameters requested are different than current active one (requested -> active):
  custom:framework-win-MediaFoundation: 216162199b28c13a410421893ffa2e32 -> 
  custom:video-decoder-ogg-theora: a1e56fd34408186e4bbccfd4996cb3dc -> 
  custom:container-muxer-webm: aa71ff27fc2769a1b78a27578f13a17b -> 
  custom:container-demuxer-webm: 4f35f7cbe854078d1ac9338744f61a02 -> 
  custom:container-demuxer-ogg: 62fdf1f143b41e24485cea50d1cbac27 -> 
  custom:video-encoder-webm-vp8: eb34c28f22e8b96e1ab97ce403110664 -> 
  custom:video-decoder-webm-vp8: 9c59270c3fd7afecdb556c50c9e8de78 -> 
  custom:audio-decoder-ogg-vorbis: bf7c407c2cedff20999df2af8eb42d56 -> 
  custom:audio-encoder-webm-vorbis: bf7c407c2cedff20999df2af8eb42d56 -> 
========================================================================
Received Import Request.
  Time since last request: 18.162405 seconds.
  path: Assets/Scrips/EnemySpawn.cs
  artifactKey: Guid(988581037b176614e96fa756dd34dabe) Importer(815301076,1909f56bfc062723c751e8b465ee728b)
Start importing Assets/Scrips/EnemySpawn.cs using Guid(988581037b176614e96fa756dd34dabe) Importer(815301076,1909f56bfc062723c751e8b465ee728b)  -> (artifact id: '019a59e6c606537f11c7b562d639582b') in 0.019385 seconds 
  Import took 0.024552 seconds .

========================================================================
Received Prepare
Registering precompiled user dll's ...
Registered in 0.003997 seconds.
Begin MonoManager ReloadAssembly
Native extension for WindowsStandalone target not found
Native extension for OSXStandalone target not found
Refreshing native plugins compatible for Editor in 0.49 ms, found 2 plugins.
Preloading 0 native plugins for Editor in 0.00 ms.
Mono: successfully reloaded assembly
- Completed reload, in  2.550 seconds
Domain Reload Profiling:
	ReloadAssembly (2550ms)
		BeginReloadAssembly (301ms)
			ExecutionOrderSort (0ms)
			DisableScriptedObjects (10ms)
			BackupInstance (0ms)
			ReleaseScriptingObjects (0ms)
			CreateAndSetChildDomain (65ms)
		EndReloadAssembly (2083ms)
			LoadAssemblies (293ms)
			RebuildTransferFunctionScriptingTraits (0ms)
			SetupTypeCache (696ms)
			ReleaseScriptCaches (1ms)
			RebuildScriptCaches (89ms)
			SetupLoadedEditorAssemblies (848ms)
				LogAssemblyErrors (0ms)
				InitializePlatformSupportModulesInManaged (14ms)
				SetLoadedEditorAssemblies (1ms)
				RefreshPlugins (1ms)
				BeforeProcessingInitializeOnLoad (201ms)
				ProcessInitializeOnLoadAttributes (602ms)
				ProcessInitializeOnLoadMethodAttributes (13ms)
				AfterProcessingInitializeOnLoad (15ms)
				EditorAssembliesLoaded (1ms)
			ExecutionOrderSort2 (0ms)
			AwakeInstancesAfterBackupRestoration (21ms)
Platform modules already initialized, skipping
Refreshing native plugins compatible for Editor in 0.92 ms, found 2 plugins.
Preloading 0 native plugins for Editor in 0.00 ms.
Unloading 1429 Unused Serialized files (Serialized files now loaded: 0)
System memory in use before: 140.8 MB.
System memory in use after: 140.9 MB.

Unloading 11 unused Assets to reduce memory usage. Loaded Objects now: 1935.
Total: 8.435800 ms (FindLiveObjects: 0.370600 ms CreateObjectMapping: 0.102900 ms MarkObjects: 7.905100 ms  DeleteObjects: 0.031700 ms)

AssetImportParameters requested are different than current active one (requested -> active):
  custom:framework-win-MediaFoundation: 216162199b28c13a410421893ffa2e32 -> 
  custom:video-decoder-ogg-theora: a1e56fd34408186e4bbccfd4996cb3dc -> 
  custom:container-muxer-webm: aa71ff27fc2769a1b78a27578f13a17b -> 
  custom:container-demuxer-webm: 4f35f7cbe854078d1ac9338744f61a02 -> 
  custom:container-demuxer-ogg: 62fdf1f143b41e24485cea50d1cbac27 -> 
  custom:video-encoder-webm-vp8: eb34c28f22e8b96e1ab97ce403110664 -> 
  custom:video-decoder-webm-vp8: 9c59270c3fd7afecdb556c50c9e8de78 -> 
  custom:audio-decoder-ogg-vorbis: bf7c407c2cedff20999df2af8eb42d56 -> 
  custom:audio-encoder-webm-vorbis: bf7c407c2cedff20999df2af8eb42d56 -> 
========================================================================
Received Import Request.
  Time since last request: 11.514059 seconds.
  path: Assets/Scrips/EnemySpawn.cs
  artifactKey: Guid(988581037b176614e96fa756dd34dabe) Importer(815301076,1909f56bfc062723c751e8b465ee728b)
Start importing Assets/Scrips/EnemySpawn.cs using Guid(988581037b176614e96fa756dd34dabe) Importer(815301076,1909f56bfc062723c751e8b465ee728b)  -> (artifact id: 'f3a3afa721336bfd8dd30c04d6bd9597') in 0.009354 seconds 
  Import took 0.014503 seconds .

========================================================================
Received Prepare
Registering precompiled user dll's ...
Registered in 0.004230 seconds.
Begin MonoManager ReloadAssembly
Native extension for WindowsStandalone target not found
Native extension for OSXStandalone target not found
Refreshing native plugins compatible for Editor in 0.51 ms, found 2 plugins.
Preloading 0 native plugins for Editor in 0.00 ms.
Mono: successfully reloaded assembly
- Completed reload, in  2.255 seconds
Domain Reload Profiling:
	ReloadAssembly (2255ms)
		BeginReloadAssembly (176ms)
			ExecutionOrderSort (0ms)
			DisableScriptedObjects (8ms)
			BackupInstance (0ms)
			ReleaseScriptingObjects (0ms)
			CreateAndSetChildDomain (57ms)
		EndReloadAssembly (1943ms)
			LoadAssemblies (160ms)
			RebuildTransferFunctionScriptingTraits (0ms)
			SetupTypeCache (667ms)
			ReleaseScriptCaches (1ms)
			RebuildScriptCaches (95ms)
			SetupLoadedEditorAssemblies (746ms)
				LogAssemblyErrors (0ms)
				InitializePlatformSupportModulesInManaged (13ms)
				SetLoadedEditorAssemblies (1ms)
				RefreshPlugins (1ms)
				BeforeProcessingInitializeOnLoad (180ms)
				ProcessInitializeOnLoadAttributes (521ms)
				ProcessInitializeOnLoadMethodAttributes (14ms)
				AfterProcessingInitializeOnLoad (15ms)
				EditorAssembliesLoaded (1ms)
			ExecutionOrderSort2 (0ms)
			AwakeInstancesAfterBackupRestoration (16ms)
Platform modules already initialized, skipping
Refreshing native plugins compatible for Editor in 0.56 ms, found 2 plugins.
Preloading 0 native plugins for Editor in 0.00 ms.
Unloading 1429 Unused Serialized files (Serialized files now loaded: 0)
System memory in use before: 140.8 MB.
System memory in use after: 140.9 MB.

Unloading 11 unused Assets to reduce memory usage. Loaded Objects now: 1937.
Total: 4.832100 ms (FindLiveObjects: 0.333100 ms CreateObjectMapping: 0.136800 ms MarkObjects: 4.332400 ms  DeleteObjects: 0.028000 ms)

AssetImportParameters requested are different than current active one (requested -> active):
  custom:framework-win-MediaFoundation: 216162199b28c13a410421893ffa2e32 -> 
  custom:video-decoder-ogg-theora: a1e56fd34408186e4bbccfd4996cb3dc -> 
  custom:container-muxer-webm: aa71ff27fc2769a1b78a27578f13a17b -> 
  custom:container-demuxer-webm: 4f35f7cbe854078d1ac9338744f61a02 -> 
  custom:container-demuxer-ogg: 62fdf1f143b41e24485cea50d1cbac27 -> 
  custom:video-encoder-webm-vp8: eb34c28f22e8b96e1ab97ce403110664 -> 
  custom:video-decoder-webm-vp8: 9c59270c3fd7afecdb556c50c9e8de78 -> 
  custom:audio-decoder-ogg-vorbis: bf7c407c2cedff20999df2af8eb42d56 -> 
  custom:audio-encoder-webm-vorbis: bf7c407c2cedff20999df2af8eb42d56 -> 
========================================================================
Received Prepare
Registering precompiled user dll's ...
Registered in 0.002577 seconds.
Begin MonoManager ReloadAssembly
Native extension for WindowsStandalone target not found
Native extension for OSXStandalone target not found
Refreshing native plugins compatible for Editor in 0.64 ms, found 2 plugins.
Preloading 0 native plugins for Editor in 0.00 ms.
Mono: successfully reloaded assembly
- Completed reload, in  2.305 seconds
Domain Reload Profiling:
	ReloadAssembly (2306ms)
		BeginReloadAssembly (174ms)
			ExecutionOrderSort (0ms)
			DisableScriptedObjects (7ms)
			BackupInstance (0ms)
			ReleaseScriptingObjects (0ms)
			CreateAndSetChildDomain (68ms)
		EndReloadAssembly (2000ms)
			LoadAssemblies (157ms)
			RebuildTransferFunctionScriptingTraits (0ms)
			SetupTypeCache (660ms)
			ReleaseScriptCaches (1ms)
			RebuildScriptCaches (96ms)
			SetupLoadedEditorAssemblies (776ms)
				LogAssemblyErrors (0ms)
				InitializePlatformSupportModulesInManaged (14ms)
				SetLoadedEditorAssemblies (1ms)
				RefreshPlugins (1ms)
				BeforeProcessingInitializeOnLoad (185ms)
				ProcessInitializeOnLoadAttributes (550ms)
				ProcessInitializeOnLoadMethodAttributes (10ms)
				AfterProcessingInitializeOnLoad (14ms)
				EditorAssembliesLoaded (1ms)
			ExecutionOrderSort2 (0ms)
			AwakeInstancesAfterBackupRestoration (17ms)
Platform modules already initialized, skipping
Refreshing native plugins compatible for Editor in 0.84 ms, found 2 plugins.
Preloading 0 native plugins for Editor in 0.00 ms.
Unloading 1429 Unused Serialized files (Serialized files now loaded: 0)
System memory in use before: 140.9 MB.
System memory in use after: 141.0 MB.

Unloading 11 unused Assets to reduce memory usage. Loaded Objects now: 1939.
Total: 5.939600 ms (FindLiveObjects: 0.356100 ms CreateObjectMapping: 0.111700 ms MarkObjects: 5.433900 ms  DeleteObjects: 0.034700 ms)

AssetImportParameters requested are different than current active one (requested -> active):
  custom:framework-win-MediaFoundation: 216162199b28c13a410421893ffa2e32 -> 
  custom:video-decoder-ogg-theora: a1e56fd34408186e4bbccfd4996cb3dc -> 
  custom:container-muxer-webm: aa71ff27fc2769a1b78a27578f13a17b -> 
  custom:container-demuxer-webm: 4f35f7cbe854078d1ac9338744f61a02 -> 
  custom:container-demuxer-ogg: 62fdf1f143b41e24485cea50d1cbac27 -> 
  custom:video-encoder-webm-vp8: eb34c28f22e8b96e1ab97ce403110664 -> 
  custom:video-decoder-webm-vp8: 9c59270c3fd7afecdb556c50c9e8de78 -> 
  custom:audio-decoder-ogg-vorbis: bf7c407c2cedff20999df2af8eb42d56 -> 
  custom:audio-encoder-webm-vorbis: bf7c407c2cedff20999df2af8eb42d56 -> 
========================================================================
Received Prepare
Registering precompiled user dll's ...
Registered in 0.003001 seconds.
Begin MonoManager ReloadAssembly
Native extension for WindowsStandalone target not found
Native extension for OSXStandalone target not found
Refreshing native plugins compatible for Editor in 0.64 ms, found 2 plugins.
Preloading 0 native plugins for Editor in 0.00 ms.
Mono: successfully reloaded assembly
- Completed reload, in  2.273 seconds
Domain Reload Profiling:
	ReloadAssembly (2273ms)
		BeginReloadAssembly (179ms)
			ExecutionOrderSort (0ms)
			DisableScriptedObjects (7ms)
			BackupInstance (0ms)
			ReleaseScriptingObjects (0ms)
			CreateAndSetChildDomain (46ms)
		EndReloadAssembly (1968ms)
			LoadAssemblies (165ms)
			RebuildTransferFunctionScriptingTraits (0ms)
			SetupTypeCache (691ms)
			ReleaseScriptCaches (1ms)
			RebuildScriptCaches (85ms)
			SetupLoadedEditorAssemblies (765ms)
				LogAssemblyErrors (0ms)
				InitializePlatformSupportModulesInManaged (14ms)
				SetLoadedEditorAssemblies (1ms)
				RefreshPlugins (1ms)
				BeforeProcessingInitializeOnLoad (177ms)
				ProcessInitializeOnLoadAttributes (547ms)
				ProcessInitializeOnLoadMethodAttributes (10ms)
				AfterProcessingInitializeOnLoad (14ms)
				EditorAssembliesLoaded (1ms)
			ExecutionOrderSort2 (0ms)
			AwakeInstancesAfterBackupRestoration (17ms)
Platform modules already initialized, skipping
Refreshing native plugins compatible for Editor in 0.65 ms, found 2 plugins.
Preloading 0 native plugins for Editor in 0.00 ms.
Unloading 1429 Unused Serialized files (Serialized files now loaded: 0)
System memory in use before: 140.9 MB.
System memory in use after: 141.0 MB.

Unloading 11 unused Assets to reduce memory usage. Loaded Objects now: 1941.
Total: 6.037900 ms (FindLiveObjects: 0.276500 ms CreateObjectMapping: 0.116800 ms MarkObjects: 5.608300 ms  DeleteObjects: 0.033800 ms)

AssetImportParameters requested are different than current active one (requested -> active):
  custom:framework-win-MediaFoundation: 216162199b28c13a410421893ffa2e32 -> 
  custom:video-decoder-ogg-theora: a1e56fd34408186e4bbccfd4996cb3dc -> 
  custom:container-muxer-webm: aa71ff27fc2769a1b78a27578f13a17b -> 
  custom:container-demuxer-webm: 4f35f7cbe854078d1ac9338744f61a02 -> 
  custom:container-demuxer-ogg: 62fdf1f143b41e24485cea50d1cbac27 -> 
  custom:video-encoder-webm-vp8: eb34c28f22e8b96e1ab97ce403110664 -> 
  custom:video-decoder-webm-vp8: 9c59270c3fd7afecdb556c50c9e8de78 -> 
  custom:audio-decoder-ogg-vorbis: bf7c407c2cedff20999df2af8eb42d56 -> 
  custom:audio-encoder-webm-vorbis: bf7c407c2cedff20999df2af8eb42d56 -> 
========================================================================
Received Import Request.
  Time since last request: 1792.520383 seconds.
  path: Assets/6809 chargen.ttf
  artifactKey: Guid(e1b4ad39f7b469d449175638efe73a6a) Importer(815301076,1909f56bfc062723c751e8b465ee728b)
Start importing Assets/6809 chargen.ttf using Guid(e1b4ad39f7b469d449175638efe73a6a) Importer(815301076,1909f56bfc062723c751e8b465ee728b)  -> (artifact id: '6e17395a4b5f81f00d618190651703f6') in 0.191257 seconds 
  Import took 0.202277 seconds .

========================================================================
Received Prepare
Registering precompiled user dll's ...
Registered in 0.003302 seconds.
Begin MonoManager ReloadAssembly
Native extension for WindowsStandalone target not found
Native extension for OSXStandalone target not found
Refreshing native plugins compatible for Editor in 0.76 ms, found 2 plugins.
Preloading 0 native plugins for Editor in 0.00 ms.
Mono: successfully reloaded assembly
- Completed reload, in  2.126 seconds
Domain Reload Profiling:
	ReloadAssembly (2126ms)
		BeginReloadAssembly (200ms)
			ExecutionOrderSort (0ms)
			DisableScriptedObjects (6ms)
			BackupInstance (0ms)
			ReleaseScriptingObjects (0ms)
			CreateAndSetChildDomain (69ms)
		EndReloadAssembly (1784ms)
			LoadAssemblies (174ms)
			RebuildTransferFunctionScriptingTraits (0ms)
			SetupTypeCache (604ms)
			ReleaseScriptCaches (2ms)
			RebuildScriptCaches (95ms)
			SetupLoadedEditorAssemblies (657ms)
				LogAssemblyErrors (0ms)
				InitializePlatformSupportModulesInManaged (12ms)
				SetLoadedEditorAssemblies (1ms)
				RefreshPlugins (1ms)
				BeforeProcessingInitializeOnLoad (171ms)
				ProcessInitializeOnLoadAttributes (451ms)
				ProcessInitializeOnLoadMethodAttributes (9ms)
				AfterProcessingInitializeOnLoad (11ms)
				EditorAssembliesLoaded (0ms)
			ExecutionOrderSort2 (0ms)
			AwakeInstancesAfterBackupRestoration (12ms)
Platform modules already initialized, skipping
Refreshing native plugins compatible for Editor in 0.69 ms, found 2 plugins.
Preloading 0 native plugins for Editor in 0.00 ms.
Unloading 1429 Unused Serialized files (Serialized files now loaded: 0)
System memory in use before: 141.0 MB.
System memory in use after: 141.1 MB.

Unloading 11 unused Assets to reduce memory usage. Loaded Objects now: 1948.
Total: 6.069400 ms (FindLiveObjects: 0.364500 ms CreateObjectMapping: 0.073000 ms MarkObjects: 5.594300 ms  DeleteObjects: 0.035700 ms)

AssetImportParameters requested are different than current active one (requested -> active):
  custom:framework-win-MediaFoundation: 216162199b28c13a410421893ffa2e32 -> 
  custom:video-decoder-ogg-theora: a1e56fd34408186e4bbccfd4996cb3dc -> 
  custom:container-muxer-webm: aa71ff27fc2769a1b78a27578f13a17b -> 
  custom:container-demuxer-webm: 4f35f7cbe854078d1ac9338744f61a02 -> 
  custom:container-demuxer-ogg: 62fdf1f143b41e24485cea50d1cbac27 -> 
  custom:video-encoder-webm-vp8: eb34c28f22e8b96e1ab97ce403110664 -> 
  custom:video-decoder-webm-vp8: 9c59270c3fd7afecdb556c50c9e8de78 -> 
  custom:audio-decoder-ogg-vorbis: bf7c407c2cedff20999df2af8eb42d56 -> 
  custom:audio-encoder-webm-vorbis: bf7c407c2cedff20999df2af8eb42d56 -> 
========================================================================
Received Prepare
Registering precompiled user dll's ...
Registered in 0.005849 seconds.
Begin MonoManager ReloadAssembly
Native extension for WindowsStandalone target not found
Native extension for OSXStandalone target not found
Refreshing native plugins compatible for Editor in 0.95 ms, found 2 plugins.
Preloading 0 native plugins for Editor in 0.00 ms.
Mono: successfully reloaded assembly
- Completed reload, in  2.648 seconds
Domain Reload Profiling:
	ReloadAssembly (2649ms)
		BeginReloadAssembly (207ms)
			ExecutionOrderSort (0ms)
			DisableScriptedObjects (10ms)
			BackupInstance (0ms)
			ReleaseScriptingObjects (0ms)
			CreateAndSetChildDomain (73ms)
		EndReloadAssembly (2292ms)
			LoadAssemblies (186ms)
			RebuildTransferFunctionScriptingTraits (0ms)
			SetupTypeCache (792ms)
			ReleaseScriptCaches (2ms)
			RebuildScriptCaches (142ms)
			SetupLoadedEditorAssemblies (799ms)
				LogAssemblyErrors (0ms)
				InitializePlatformSupportModulesInManaged (22ms)
				SetLoadedEditorAssemblies (2ms)
				RefreshPlugins (1ms)
				BeforeProcessingInitializeOnLoad (195ms)
				ProcessInitializeOnLoadAttributes (551ms)
				ProcessInitializeOnLoadMethodAttributes (10ms)
				AfterProcessingInitializeOnLoad (19ms)
				EditorAssembliesLoaded (1ms)
			ExecutionOrderSort2 (0ms)
			AwakeInstancesAfterBackupRestoration (23ms)
Platform modules already initialized, skipping
Refreshing native plugins compatible for Editor in 1.01 ms, found 2 plugins.
Preloading 0 native plugins for Editor in 0.00 ms.
Unloading 1429 Unused Serialized files (Serialized files now loaded: 0)
System memory in use before: 141.0 MB.
System memory in use after: 141.1 MB.

Unloading 11 unused Assets to reduce memory usage. Loaded Objects now: 1950.
Total: 5.048100 ms (FindLiveObjects: 0.266100 ms CreateObjectMapping: 0.080400 ms MarkObjects: 4.663700 ms  DeleteObjects: 0.034800 ms)

AssetImportParameters requested are different than current active one (requested -> active):
  custom:framework-win-MediaFoundation: 216162199b28c13a410421893ffa2e32 -> 
  custom:video-decoder-ogg-theora: a1e56fd34408186e4bbccfd4996cb3dc -> 
  custom:container-muxer-webm: aa71ff27fc2769a1b78a27578f13a17b -> 
  custom:container-demuxer-webm: 4f35f7cbe854078d1ac9338744f61a02 -> 
  custom:container-demuxer-ogg: 62fdf1f143b41e24485cea50d1cbac27 -> 
  custom:video-encoder-webm-vp8: eb34c28f22e8b96e1ab97ce403110664 -> 
  custom:video-decoder-webm-vp8: 9c59270c3fd7afecdb556c50c9e8de78 -> 
  custom:audio-decoder-ogg-vorbis: bf7c407c2cedff20999df2af8eb42d56 -> 
  custom:audio-encoder-webm-vorbis: bf7c407c2cedff20999df2af8eb42d56 -> 
========================================================================
Received Import Request.
  Time since last request: 232.478925 seconds.
  path: Assets/Prefabs
  artifactKey: Guid(e5a0c56ea04d5a04aa1e75afb40a67d8) Importer(815301076,1909f56bfc062723c751e8b465ee728b)
Start importing Assets/Prefabs using Guid(e5a0c56ea04d5a04aa1e75afb40a67d8) Importer(815301076,1909f56bfc062723c751e8b465ee728b)  -> (artifact id: 'cd3791e71d53b0b5650d5f751bdfffe6') in 0.024168 seconds 
  Import took 0.031048 seconds .

========================================================================
Received Import Request.
  Time since last request: 0.057674 seconds.
  path: Assets/Prefabs/Billet.prefab
  artifactKey: Guid(c06afc54502e99346a1066bbe80cc553) Importer(815301076,1909f56bfc062723c751e8b465ee728b)
Start importing Assets/Prefabs/Billet.prefab using Guid(c06afc54502e99346a1066bbe80cc553) Importer(815301076,1909f56bfc062723c751e8b465ee728b)  -> (artifact id: 'b917890caf8d16d07aa35997382b8157') in 0.143451 seconds 
  Import took 0.148778 seconds .

========================================================================
Received Import Request.
  Time since last request: 0.000488 seconds.
  path: Assets/Prefabs/tets.fbx
  artifactKey: Guid(0176ce4176d4f554b96a25c0c71af914) Importer(815301076,1909f56bfc062723c751e8b465ee728b)
Start importing Assets/Prefabs/tets.fbx using Guid(0176ce4176d4f554b96a25c0c71af914) Importer(815301076,1909f56bfc062723c751e8b465ee728b)  -> (artifact id: '919b83a04a6d33bad15625d82dc1523e') in 1.618911 seconds 
  Import took 1.624240 seconds .

========================================================================
Received Import Request.
  Time since last request: 8.376906 seconds.
  path: Assets/Colors/Brun.mat
  artifactKey: Guid(7fd4afc24747dae4fa3fec8523838879) Importer(815301076,1909f56bfc062723c751e8b465ee728b)
Start importing Assets/Colors/Brun.mat using Guid(7fd4afc24747dae4fa3fec8523838879) Importer(815301076,1909f56bfc062723c751e8b465ee728b)  -> (artifact id: '2c4dd70265b5642035148c17364dd4e6') in 0.043014 seconds 
  Import took 0.050104 seconds .

========================================================================
Received Import Request.
  Time since last request: 0.000393 seconds.
  path: Assets/Colors/Gul.mat
  artifactKey: Guid(6af00b0f41a0d5b418031a463c7f4dcc) Importer(815301076,1909f56bfc062723c751e8b465ee728b)
Start importing Assets/Colors/Gul.mat using Guid(6af00b0f41a0d5b418031a463c7f4dcc) Importer(815301076,1909f56bfc062723c751e8b465ee728b)  -> (artifact id: '1f8bb51c59e1a2bca1ddee61b3e8d579') in 0.028199 seconds 
  Import took 0.033988 seconds .

========================================================================
Received Import Request.
  Time since last request: 0.000448 seconds.
  path: Assets/Colors/Grön.mat
  artifactKey: Guid(b3bfdde632aba2e4c98e49e5f7743ccc) Importer(815301076,1909f56bfc062723c751e8b465ee728b)
Start importing Assets/Colors/Grön.mat using Guid(b3bfdde632aba2e4c98e49e5f7743ccc) Importer(815301076,1909f56bfc062723c751e8b465ee728b)  -> (artifact id: '8d2c88d11939233a17a1185992e42f99') in 0.031259 seconds 
  Import took 0.037056 seconds .

========================================================================
Received Import Request.
  Time since last request: 0.000354 seconds.
  path: Assets/Colors/Gray.mat
  artifactKey: Guid(0edfcbef87521aa4caa60c052d364c95) Importer(815301076,1909f56bfc062723c751e8b465ee728b)
Start importing Assets/Colors/Gray.mat using Guid(0edfcbef87521aa4caa60c052d364c95) Importer(815301076,1909f56bfc062723c751e8b465ee728b)  -> (artifact id: 'bd6ba054e4e9ddfa9d54f8a941240123') in 0.030038 seconds 
  Import took 0.034117 seconds .

========================================================================
Received Import Request.
  Time since last request: 0.000377 seconds.
  path: Assets/Colors/Svart.mat
  artifactKey: Guid(f54e8f2b605427f49bd4bb06cf6ce608) Importer(815301076,1909f56bfc062723c751e8b465ee728b)
Start importing Assets/Colors/Svart.mat using Guid(f54e8f2b605427f49bd4bb06cf6ce608) Importer(815301076,1909f56bfc062723c751e8b465ee728b)  -> (artifact id: '1a64445617ae35bf33f3c5eeae5bd2d1') in 0.026093 seconds 
  Import took 0.030703 seconds .

========================================================================
Received Prepare
Registering precompiled user dll's ...
Registered in 0.003670 seconds.
Begin MonoManager ReloadAssembly
Native extension for WindowsStandalone target not found
Native extension for OSXStandalone target not found
Refreshing native plugins compatible for Editor in 0.71 ms, found 2 plugins.
Preloading 0 native plugins for Editor in 0.00 ms.
Mono: successfully reloaded assembly
- Completed reload, in  2.604 seconds
Domain Reload Profiling:
	ReloadAssembly (2605ms)
		BeginReloadAssembly (247ms)
			ExecutionOrderSort (0ms)
			DisableScriptedObjects (10ms)
			BackupInstance (0ms)
			ReleaseScriptingObjects (0ms)
			CreateAndSetChildDomain (81ms)
		EndReloadAssembly (2133ms)
			LoadAssemblies (247ms)
			RebuildTransferFunctionScriptingTraits (0ms)
			SetupTypeCache (740ms)
			ReleaseScriptCaches (1ms)
			RebuildScriptCaches (108ms)
			SetupLoadedEditorAssemblies (779ms)
				LogAssemblyErrors (0ms)
				InitializePlatformSupportModulesInManaged (14ms)
				SetLoadedEditorAssemblies (1ms)
				RefreshPlugins (1ms)
				BeforeProcessingInitializeOnLoad (193ms)
				ProcessInitializeOnLoadAttributes (545ms)
				ProcessInitializeOnLoadMethodAttributes (11ms)
				AfterProcessingInitializeOnLoad (13ms)
				EditorAssembliesLoaded (1ms)
			ExecutionOrderSort2 (0ms)
			AwakeInstancesAfterBackupRestoration (16ms)
Platform modules already initialized, skipping
Refreshing native plugins compatible for Editor in 0.71 ms, found 2 plugins.
Preloading 0 native plugins for Editor in 0.00 ms.
Unloading 1429 Unused Serialized files (Serialized files now loaded: 0)
System memory in use before: 141.2 MB.
System memory in use after: 141.4 MB.

Unloading 11 unused Assets to reduce memory usage. Loaded Objects now: 1957.
Total: 6.110200 ms (FindLiveObjects: 0.341600 ms CreateObjectMapping: 0.109600 ms MarkObjects: 5.618800 ms  DeleteObjects: 0.038400 ms)

AssetImportParameters requested are different than current active one (requested -> active):
  custom:framework-win-MediaFoundation: 216162199b28c13a410421893ffa2e32 -> 
  custom:video-decoder-ogg-theora: a1e56fd34408186e4bbccfd4996cb3dc -> 
  custom:container-muxer-webm: aa71ff27fc2769a1b78a27578f13a17b -> 
  custom:container-demuxer-webm: 4f35f7cbe854078d1ac9338744f61a02 -> 
  custom:container-demuxer-ogg: 62fdf1f143b41e24485cea50d1cbac27 -> 
  custom:video-encoder-webm-vp8: eb34c28f22e8b96e1ab97ce403110664 -> 
  custom:video-decoder-webm-vp8: 9c59270c3fd7afecdb556c50c9e8de78 -> 
  custom:audio-decoder-ogg-vorbis: bf7c407c2cedff20999df2af8eb42d56 -> 
  custom:audio-encoder-webm-vorbis: bf7c407c2cedff20999df2af8eb42d56 -> 
AssetImportWorkerClient::OnTransportError - code=2 error=End of file
